<component name="libraryTable">
  <library name="junit-4.13.1">
    <CLASSES>
      <root url="jar://$PROJECT_DIR$/src/main/webapp/WEB-INF/lib/junit-4.13.1.jar!/" />
      <root url="jar://$PROJECT_DIR$/src/main/webapp/WEB-INF/lib/hamcrest-core-1.3.jar!/" />
    </CLASSES>
    <JAVADOC />
    <SOURCES />
  </library>
</component>